<?xml version="1.0" encoding="UTF-8"?>
<!-- Generated by org.testng.reporters.JUnitXMLReporter -->
<testsuite ignored="0" hostname="DESKTOP-MQM4OHE" failures="0" tests="7" name="Test" time="57.194" errors="0" timestamp="2024-06-26T00:25:17 IST">
  <testcase classname="testCases.TC_001_AccountRegistrationTest" name="verify_account_registration" time="5.196"/>
  <testcase classname="testCases.TC_002_LoginTest" name="verify_login" time="1.312"/>
  <testcase classname="testCases.TC_003_LoginDDT" name="verify_loginDDT" time="1.847"/>
  <testcase classname="testCases.TC_003_LoginDDT" name="verify_loginDDT" time="11.097"/>
  <testcase classname="testCases.TC_003_LoginDDT" name="verify_loginDDT" time="11.234"/>
  <testcase classname="testCases.TC_003_LoginDDT" name="verify_loginDDT" time="12.054"/>
  <testcase classname="testCases.TC_003_LoginDDT" name="verify_loginDDT" time="1.602"/>
</testsuite> <!-- Test -->
