<?xml version="1.0" encoding="UTF-8"?>
<!-- Generated by org.testng.reporters.JUnitXMLReporter -->
<testsuite ignored="0" hostname="DESKTOP-MQM4OHE" failures="0" tests="7" name="Test" time="58.095" errors="0" timestamp="2024-07-09T23:26:52 IST">
  <testcase classname="testCases.TC_001_AccountRegistrationTest" name="verify_account_registration" time="5.094"/>
  <testcase classname="testCases.TC_002_LoginTest" name="verify_login" time="1.065"/>
  <testcase classname="testCases.TC_003_LoginDDT" name="verify_loginDDT" time="1.389"/>
  <testcase classname="testCases.TC_003_LoginDDT" name="verify_loginDDT" time="10.846"/>
  <testcase classname="testCases.TC_003_LoginDDT" name="verify_loginDDT" time="10.944"/>
  <testcase classname="testCases.TC_003_LoginDDT" name="verify_loginDDT" time="10.899"/>
  <testcase classname="testCases.TC_003_LoginDDT" name="verify_loginDDT" time="1.267"/>
</testsuite> <!-- Test -->
